<?xml version="1.0" encoding="UTF-8"?>
<!-- Generated by org.testng.reporters.JUnitReportReporter -->
<testsuite skipped="0" hostname="LAPTOP-SOVQ8MF1" name="demo1.PostTest2" tests="2" failures="0" timestamp="07 May 2019 01:35:15 GMT" time="3.164" errors="0">
  <testcase name="addPlace" time="2.935" classname="demo1.PostTest2"/>
  <testcase name="deletePlace" time="0.229" classname="demo1.PostTest2"/>
</testsuite> <!-- demo1.PostTest2 -->
