<?xml version="1.0" encoding="UTF-8"?>
<!-- Generated by org.testng.reporters.JUnitReportReporter -->
<testsuite skipped="0" hostname="LAPTOP-SOVQ8MF1" name="LibraryAPI.AddBookandDeleteBook" tests="6" failures="0" timestamp="10 May 2019 01:58:46 GMT" time="3.326" errors="0">
  <testcase name="AddBook" time="0.189" classname="LibraryAPI.AddBookandDeleteBook"/>
  <testcase name="AddBook" time="0.167" classname="LibraryAPI.AddBookandDeleteBook"/>
  <testcase name="AddBook" time="2.401" classname="LibraryAPI.AddBookandDeleteBook"/>
  <testcase name="DeleteBook" time="0.193" classname="LibraryAPI.AddBookandDeleteBook"/>
  <testcase name="DeleteBook" time="0.162" classname="LibraryAPI.AddBookandDeleteBook"/>
  <testcase name="DeleteBook" time="0.214" classname="LibraryAPI.AddBookandDeleteBook"/>
</testsuite> <!-- LibraryAPI.AddBookandDeleteBook -->
