<?xml version="1.0" encoding="UTF-8"?>
<!-- Generated by org.testng.reporters.JUnitReportReporter -->
<testsuite skipped="0" hostname="LAPTOP-SOVQ8MF1" name="LibraryAPI.AddBookandDeleteBookUsingStaticJSON" tests="2" failures="0" timestamp="10 May 2019 02:11:16 GMT" time="7.624" errors="0">
  <testcase name="AddBook" time="7.455" classname="LibraryAPI.AddBookandDeleteBookUsingStaticJSON"/>
  <testcase name="DeleteBook" time="0.169" classname="LibraryAPI.AddBookandDeleteBookUsingStaticJSON"/>
</testsuite> <!-- LibraryAPI.AddBookandDeleteBookUsingStaticJSON -->
