<?xml version="1.0" encoding="UTF-8"?>
<!-- Generated by org.testng.reporters.JUnitReportReporter -->
<testsuite skipped="0" hostname="LAPTOP-SOVQ8MF1" name="demo1.PostTest" tests="2" failures="0" timestamp="10 Apr 2019 00:51:24 GMT" time="1.965" errors="0">
  <testcase name="addPlace" time="1.713" classname="demo1.PostTest"/>
  <testcase name="deletePlace" time="0.252" classname="demo1.PostTest"/>
</testsuite> <!-- demo1.PostTest -->
