<?xml version="1.0" encoding="UTF-8"?>
<!-- Generated by org.testng.reporters.JUnitReportReporter -->
<testsuite skipped="0" hostname="LAPTOP-SOVQ8MF1" name="JiraApI.JiraAPI" tests="3" failures="0" timestamp="15 May 2019 01:20:42 GMT" time="2.768" errors="0">
  <testcase name="createIssue" time="2.509" classname="JiraApI.JiraAPI"/>
  <testcase name="addComment" time="0.144" classname="JiraApI.JiraAPI"/>
  <testcase name="updateComment" time="0.115" classname="JiraApI.JiraAPI"/>
</testsuite> <!-- JiraApI.JiraAPI -->
