<?xml version="1.0" encoding="UTF-8"?>
<!-- Generated by org.testng.reporters.JUnitReportReporter -->
<testsuite skipped="0" hostname="LAPTOP-SOVQ8MF1" name="demo1.PostTest" tests="2" failures="0" timestamp="14 Mar 2019 01:53:21 GMT" time="2.492" errors="0">
  <testcase name="addPlace" time="2.198" classname="demo1.PostTest"/>
  <testcase name="deletePlace" time="0.294" classname="demo1.PostTest"/>
</testsuite> <!-- demo1.PostTest -->
