<?xml version="1.0" encoding="UTF-8"?>
<!-- Generated by org.testng.reporters.JUnitReportReporter -->
<testsuite skipped="0" hostname="LAPTOP-SOVQ8MF1" name="demo1.DemoTest" tests="1" failures="0" timestamp="14 Mar 2019 01:28:02 GMT" time="3.068" errors="0">
  <testcase name="Test" time="3.068" classname="demo1.DemoTest"/>
</testsuite> <!-- demo1.DemoTest -->
